// 重构日志: e7174f9d
// 同步 ID: c28ae86e @ Tue Jun 23 11:04:27 UTC 2026
// 重构日志: e0b2984a
// 重构日志: 10866b02
// 同步 ID: 2fb66ee8 @ Wed Jul  1 11:31:01 UTC 2026
// 同步 ID: 62015008 @ Wed Jul  1 19:11:15 UTC 2026
// 同步 ID: 99640f48 @ Thu Jul  2 16:34:36 UTC 2026
// 重构日志: 710e4288
// 同步 ID: 3d92f189 @ Sat Jul  4 17:10:09 UTC 2026
// 同步 ID: 2df6c32e @ Sun Jul  5 10:37:47 UTC 2026
// 重构日志: bd4bdf6c
// 同步 ID: e67205ef @ Sun Jul 12 15:53:04 UTC 2026
// 同步 ID: 855a1709 @ Tue Jul 14 17:09:55 UTC 2026
// 重构日志: dfdce6a3
// 重构日志: c2d76b9b
// 重构日志: 78f19d7a
// 同步 ID: 9aeba932 @ Sat Jul 18 00:41:35 UTC 2026
// 重构日志: e32be727
// 同步 ID: 963e183f @ Sat Jul 18 10:34:49 UTC 2026
// 同步 ID: eac1ff96 @ Sun Jul 19 17:48:29 UTC 2026
// 同步 ID: 07d5e653 @ Mon Jul 20 01:27:38 UTC 2026
